[    0.000000] Initializing cgroup subsys cpuset
[    0.000000] Initializing cgroup subsys cpu
[    0.000000] Initializing cgroup subsys cpuacct
[    0.000000] Linux version 4.4.0-130-generic (buildd@lgw01-amd64-039) (gcc version 5.4.0 20160609 (Ubuntu 5.4.0-6ubuntu1~16.04.9) ) #156-Ubuntu SMP Thu Jun 14 08:53:28 UTC 2018 (Ubuntu 4.4.0-130.156-generic 4.4.134)
[    0.000000] Command line: BOOT_IMAGE=/boot/vmlinuz-4.4.0-130-generic root=LABEL=cloudimg-rootfs ro console=tty1 console=ttyS0
[    0.000000] KERNEL supported cpus:
[    0.000000]   Intel GenuineIntel
[    0.000000]   AMD AuthenticAMD
[    0.000000]   Centaur CentaurHauls
[    0.000000] x86/fpu: xstate_offset[2]:  576, xstate_sizes[2]:  256
[    0.000000] x86/fpu: Supporting XSAVE feature 0x01: 'x87 floating point registers'
[    0.000000] x86/fpu: Supporting XSAVE feature 0x02: 'SSE registers'
[    0.000000] x86/fpu: Supporting XSAVE feature 0x04: 'AVX registers'
[    0.000000] x86/fpu: Enabled xstate features 0x7, context size is 832 bytes, using 'standard' format.
[    0.000000] x86/fpu: Using 'eager' FPU context switches.
[    0.000000] e820: BIOS-provided physical RAM map:
[    0.000000] BIOS-e820: [mem 0x0000000000000000-0x000000000009fbff] usable
[    0.000000] BIOS-e820: [mem 0x000000000009fc00-0x000000000009ffff] reserved
[    0.000000] BIOS-e820: [mem 0x00000000000f000-0x00000000000fffff] reserved
[    0.000000] BIOS-e820: [mem 0x0000000000100000-0x000000007ffeffff] usable
[    0.000000] BIOS-e820: [mem 0x0000000077fff000-0x000000007fffffff] ACPI data
[    0.000000] BIOS-e820: [mem 0x00000000fec00000-0x00000000fec00fff] esrved
[    .000000] BIOS-e820: [mem 0x00000000fee00000-0x00000000fee00fff] reserved
[    0.000000] BIOS-e820: [mem 0x00000000fffc0000-0x00000000ffffffff] reserved
[    0.000000] NX (Execute Disable) protection: active
[    0.000000] SMBIOS 2.5 present.
[    0.000000] Hypervisor detected: KVM
[    0.000000] e820: last_pfn = 0x7fff0 max_arch_pfn = 0x400000000
[    0.000000] MTRR: Disabled
[    0.000000] x86/PAT: MTRRs disabled, skipping PAT initialization too.
[    0.000000] CPU MTRRs all blank - virtualized system.
[    0.000000] x86/PAT: Configuration [0-7]: WB  WT  UC- UC  WB  WT  UC- UC  
[    0.000000] found SMP MP-table at [mem 0x0009fff0-0x0009ffff] mapped at [ffff88000009fff0]
[    0.000000] Scanning 1 areas for low memory corruption
[    0.000000] RAMDISK: [mem 0x36aa2000-0x37548fff]
[    0.000000] ACPI: Early table checksum verification disabled
[    0.000000] ACPI: RSDP 0x00000000000E0000 000024 (v02 VBOX  )
[    0.000000] ACPI: XSDT 0x000000007FFF0030 00003C (v01 VBOX   VBOXXSDT 00000001 ASL  00000061)
[    0.000000] ACPI: FACP 0x000000007FFF00F0 0000F4 (v04 VBOX   VBOXFACP 00000001 ASL  00000061)
[    0.000000] ACPI: DSDT 0x000000007FFF0470 0021FF (v02 VBOX   VBOXBIOS 00000002 INTL 20180105)
[    0.000000] ACPI: FACS 0x000000007FFF0200 000040
[    0.000000] ACPI: FACS 0x000000007FFF0200 000040
[    0.000000] ACPI: APIC 0x000000007FFF0240 00005C (v02 VBOX   VBOXAPIC 00000001 ASL  00000061)
[    0.000000] ACPI: SSDT 0x000000007FFF02A0 0001CC (v01 VBOX   VBOXCPUT 00000002 INTL 20180105)
[    0.000000] No NUMA configuration found
[    0.000000] Faking a node at [mem 0x0000000000000000-0x000000007ffeffff]
[    0.000000] NODE_DATA(0) allocated [mem 0x7ffeb000-0x7ffeffff]
[    0.000000] kvm-clock: Using msrs 4b564d01 and 4b564d00
[    0.000000] kvm-clock: cpu 0, msr 0:7ffe3001, primary cpu clock
[    0.000000] kvm-clock: using sched offset of 4770877765 cycles
[    0.000000] clocksource: kvm-clock: mask: 0xffffffffffffffff max_cycles: 0x1cd42e4dffb, max_idle_ns: 881590591483 ns
[    0.000000] Zone ranges:
[    0.000000]   DMA      [mem 0x0000000000001000-0x0000000000ffffff]
[    0.000000]   DMA32    [mem 0x0000000001000000-0x000000007ffeffff]
[    0.000000]   Normal   empty
[    0.000000]  Device   empty
[    0.000000] Movable zone start for each node
[    0.000000] Early memory node ranges
[    0.000000]   node   0: [mem 0x0000000000001000-0x000000000009efff]
[    0.000000]   node   0: [mem 0x0000000000100000-0x000000007ffeffff]
[    0.000000] Initmem setup node 0 [mem 0x0000000000001000-0x000000007ffeffff]
[    0.000000] ACPI: PM-Timer IO Port: 0x4008
[    0.000000] IOAPIC[0]: apic_id 2, version 32, address 0xfec00000, GSI 0-23
[    0.000000] ACPI: INT_SRC_OVR (bus 0 bus_irq 0 global_irq 2 dfl dfl)
[    0.000000] ACPI: INT_SRC_OVR (bus 0 bus_irq 9 global_irq 9 low level)
[    0.000000] Using ACPI (MADT) for SMP configuration information
[    0.000000] smpboot: Allowing 2 CPUs, 0 hotplug CPUs
[    0.000000] PM: Registered nosave memory: [mem 0x00000000-0x00000fff]
[    0.000000] PM: Registered nosave memory: [mem 0x0009f000-0x0009ffff]
[    0.000000] PM: Registered nosave memory: [mem 0x00a0000-0x000effff]
[    0.000000] PM: Registered nosave memory: [mem 0x000f0000-0x000fffff]
[    0.000000] e820: [mem 0x80000000-0xfebfffff] available for PCI devices
[    0.000000] Booting paravirtualized kernel on KVM
[    0.000000] clocksource: refined-jiffies: mask: 0xffffffff max_cycles: 0xffffffff, max_idle_ns: 7645519600211568 ns
[    0.000000] setup_percpu: NR_CPUS:512 nr_cpumask_bits:512 nr_cpu_ids:2 nr_node_ids:1
[    0.000000] PERCPU: Embedded 34 pages/cpu @ffff88007fc00000 s99544 r8192 d31528 u1048576
[    0.000000] PV qspinlock hash table entries: 256 (order: 0, 4096 bytes)
[    0.000000] Built 1 zonelists in Node order, mobility grouping on.  Total pages: 515960
[    0.000000] Policy zone: DMA32
[    0.000000] Kernel command line: BOOT_IMAGE=/boot/vmlinuz-4.4.0-130-generic root=LABEL=cloudimg-rootfs ro console=tty1 console=ttyS0
[    0.000000] PID hash table entries: 4096 (order: 3, 32768 bytes)
[    0.000000] Memory: 2033800K/2096696K available (8546K kernel code, 1313K rwdata, 4000K rodata, 1516K init, 1316K bss, 62896K reserved, 0K cma-reserved)
[    0.000000] SLUB: HWalign=64, Order=0-3, MinObjects=0, CPUs=2, Nodes=1
[    0.000000] Kernel/User page tables isolation: enabled
[    0.000000] Hierarchical RCU implementation.
[    0.000000] 	Build-time adjustment of leaf fanout to 64.
[    0.000000] 	RCU restricting CPUs from NR_CPUS=512 to nr_cpu_ids=2.
[    0.000000] RCU: Adjusting geometry for rcu_fanout_leaf=64, nr_cpu_ids=2
[    0.000000] NR_IRQS:33024 nr_irqs:440 16
[    0.000000] Console: colour VGA+ 80x25
[    0.000000] console [tty1] enabled
[    0.000000] console [ttyS0] enabled
[    0.000000] tsc: Detected 1696.072 MHz processor
[    0.951230] Calibrating delay loop (skipped) preset value.. 3392.14 BogoMIPS (lpj=6784288)
[    0.955010] pid_max: default: 32768 minimum: 301
[    0.997816] ACPI: Core revision 20150930
[    1.002717] ACPI: 2 ACPI AML tables successfully acquired and loaded
[    1.009118] Security Framework initialized
[    1.011021] Yama: becoming mindful.
[    1.012492] AppArmor: AppArmor initialized
[    1.016556] Dentry cache hash table entries: 262144 (order: 9, 2097152 bytes)
[    1.019558] Inode-cache hash table entries: 131072 (order: 8, 1048576 bytes)
[    1.022891] Mount-cache hash table entries: 4096 (order: 3, 32768 bytes)
[    1.025049] Mountpoint-cache hash table entries: 4096 (order: 3, 32768 bytes)
[    1.038784] Initializing cgroup subsys io
[    1.045538] Initializing cgroup subsys memory
[    1.047061] Initializing cgroup subsys devices
[    1.048585] Initializing cgroup subsys freezer
[    1.050153] Initializing cgroup subsys net_cls
[    1.051683] Initializing cgroup subsys perf_event
[    1.053285] Initializing cgroup subsys net_prio
[    1.054828] Initializing cgroup subsys hugetlb
[    1.056354] Initializing cgroup subsys pids
[    1.057909] CPU: Physical Processor ID: 0
[    1.059335] CPU: Processor Core ID: 0
[    1.061952] mce: CPU supports 0 MCE banks
[    1.063403] Last level iTLB entries: 4KB 1024, 2MB 1024, 4MB 1024
[    1.065384] Last level dTLB entries: 4KB 1024, 2MB 1024, 4MB 1024, 1GB 4
[    1.067472] Spectre V2 : Mitigation: Full generic retpoline
[    1.069410] Spectre V2 : Speculation control IBPB not-supported IBRS not-supported
[    1.071739] Speculative Store Bypass: Vulnerable
[    1.077784] Freeing SMP alternatives memory: 32K
[    1.092372] ftrace: allocating 32245 entries in 126 pages
[    1.184741] smpboot: APIC(0) Converting physical 0 to logical package 0
[    1.199299] smpboot: Max logical packages: 1
[    1.201160] x2apic enabled
[    1.208013] Switched APIC routing to physical x2apic.
[    1.211612] ..TIMER: vector=0x30 apic1=0 pin1=2 apic2=-1 pin2=-1
[    1.320877] smpboot: CPU0: Intel(R) Core(TM) i3-4010U CPU @ 1.70GHz (family: 0x6, model: 0x45, stepping: 0x1)
[    1.324026] Performance Events: unsupported p6 CPU model 69 no PMU driver, software events only.
[    1.341783] KVM setup paravirtual spinlock
[    1.347816] x86: Booting SMP configuration:
[    1.349724] .... node  #0, CPUs:      #1
[    1.358333] kvm-clock: cpu 1, msr 0:7ffe3041, secondary cpu clock
[    1.378807] mce: CPU supports 0 MCE banks
[    1.381978] x86: Booted up 1 node, 2 CPUs
[    1.384034] smpboot: Total of 2 processors activated (6784.28 BogoMIPS)
[    1.393449] devtmpfs: initialized
[    1.407317] evm: security.selinux
[    1.408613] evm: security.SMACK64
[    1.415607] evm: security.SMACK64EXEC
[    1.418478] evm: security.SMACK64TRANSMUTE
[    1.419838] evm: security.SMACK64MMAP
[    1.429016] evm: security.ima
[    1.430133] evm: security.capability
[    1.432927] clocksource: jiffies: mask: 0xffffffff max_cycles: 0xffffffff, max_idle_ns: 7645041785100000 ns
[    1.443142] futex hash table entries: 512 (order: 3, 32768 bytes)
[    1.451529] pinctrl core: initialized pinctrl subsystem
[    1.458892] RTC time:  2:24:30, date: 07/23/18
[    1.461160] NET: Registered protocol family 16
[    1.475626] cpuidle: using governor ladder
[    1.489258] cpuidle: using governor menu
[    1.491222] PCCT header not found.
[    1.493124] ACPI: bus type PCI registered
[    1.495163] acpiphp: ACPI Hot Plug PCI Controller Driver version: 0.5
[    1.501218] PCI: Using configuration type 1 for base access
[    1.519140] ACPI: Added _OSI(Module Device)
[    1.521149] ACPI: Added _OSI(Processor Device)
[    1.523274] ACPI: Added _OSI(3.0 _SCP Extensions)
[    1.525429] ACPI: Added _OSI(Processor Aggregator Device)
[    1.530777] ACPI: Executed 1 blocks of module-level executable AML code
[    1.539375] ACPI: Interpreter enabled
[    1.541234] ACPI: (supports S0 S5)
[    1.542984] ACPI: Using IOAPIC for interrupt routing
[    1.545695] PCI: Using host bridge windows from ACPI; if necessary, use "pci=nocrs" and report a bug
[    1.564443] ACPI: PCI Root Bridge [PCI0] (domain 0000 [bus 00-ff])
[    1.569234] acpi PNP0A03:00: _OSC: OS supports [ASPM ClockPM Segments MSI]
[    1.571968] acpi PNP0A03:00: _OSC: not requesting OS control; OS requires [ExtendedConfig ASPM ClockPM MSI]
[    1.576088] acpi PNP0A03:00: fail to add MMCONFIG information, can't access extended PCI configuration space under this bridge.
[    1.587809] PCI host bridge to bus 0000:00
[    1.589713] pci_bus 0000:00: root bus resource [io  0x0000-0x0cf7 window]
[    1.592377] pci_bus 0000:00: root bus resource [io  0x0d00-0xffff window]
[    1.595043] pci_bus 0000:00: root bus resource [mem 0x000a0000-0x000bffff window]
[    1.598491] pci_bus 0000:00: root bus resource [mem 0x80000000-0xfdffffff window]
[    1.601927] pci_bus 0000:00: root bus resource [bus 00-ff]
[    1.607809] pci 0000:00:01.1: legacy IDE quirk: reg 0x10: [io  0x01f0-0x01f7]
[    1.611941] pci 0000:00:01.1: legacy IDE quirk: reg 0x14: [io  0x03f6]
[    1.614533] pci 0000:00:01.1: legacy IDE quirk: reg 0x18: [io  0x0170-0x0177]
[    1.639631] pci 0000:00:01.1: legacy IDE quirk: reg 0x1c: [io  0x0376]
[    1.735030] pci 0000:00:07.0: quirk: [io  0x4000-0x403f] claimed by PIIX4 ACPI
[    1.750646] pci 0000:00:07.0: quirk: [io  0x4100-0x410f] claimed by PIIX4 SMB
[    1.791648] ACPI: PCI Interrupt Link [LNKA] (IRQs 5 9 10 *11)
[    1.808940] ACPI: PCI Interrupt Link [LNKB] (IRQs 5 9 *10 11)
[    1.825792] ACPI: PCI Interrupt Link [LNKC] (IRQs 5 *9 10 11)
[    1.838035] ACPI: PCI Interrupt Link [LNKD] (IRQs 5 9 10 *11)
[    1.844439] ACPI: Enabled 2 GPEs in block 00 to 07
[    1.869318] vgaarb: setting as boot device: PCI:0000:00:02.0
[    1.916913] vgaarb: device added: PCI:0000:00:02.0,decodes=io+mem,owns=io+mem,locks=none
[    1.950075] vgaarb: loaded
[    1.958557] vgaarb: bridge control possible 0000:00:02.0
[    1.998371] SCSI subsystem initialized
[    2.015341] ACPI: bus type USB registered
[    2.016834] usbcore: registered new interface driver usbfs
[    2.026258] usbcore: registered new interface driver hub
[    2.033874] usbcore: registered new device driver usb
[    2.042251] PCI: Using ACPI for IRQ routing
[    2.050220] NetLabel: Initializing
[    2.054448] NetLabel:  domain hash size = 128
[    2.079875] NetLabel:  protocols = UNLABELED CIPSOv4
[    2.098828] NetLabel:  unlabeled traffic allowed by default
[    2.101527] amd_nb: Cannot enumerate AMD northbridges
[    2.103763] clocksource: Switched to clocksource kvm-clock
[    2.128399] AppArmor: AppArmor Filesystem Enabled
[    2.130675] pnp: PnP ACPI init
[    2.135220] pnp: PnP ACPI: found 3 devices
[    2.156542] clocksource: acpi_pm: mask 0xffffff max_cycles: 0xffff, max_idle_ns: 2085701024 ns
[    2.300025] NET: Registered protocol family 2

[    2.301883] TCP established hash table entries: 16384 (order: 5, 131072 bytes)
[    2.317309] TCP bind hash table entries: 16384 (order: 6, 262144 bytes)
[    2.321190] TCP: Hash tables configured (established 16384 bind 16384)
[    2.337324] UDha tae entrie 1024 (order: 3, 32768 bytes)
[    2.664250] UDP-Lite hash table entries: 1024 (order: 3, 32768 bytes)
[    2.666352] NET: Registered protocol family 1
[    2.667890] pci 0000:00:00.0: Limiting direct PCI/PCI transfers
[    2.669914] pci0000:.0: Activating ISA A ng workarounds
[    3.068528] Unpacking initramfs...

[    6.512707] Freeing initrd memory: 10908K
[    6.526142] RAPL PMU detected, API unit is 2^-32 Joules, 4 fixed counters 10737418240 ms ovfl timer
[    6.529989] hw unit of domain pp0-core 2^-0 Joules
[    6.578077] hw unit of domain package 2^-0 Joules
[    6.585055] hw unit of domain dram 2^-0 Joules
[    6.586600] hw unit of domain pp1-gpu 2^-0 Joules
[    6.588492] platform rtc_cmos: registered platform RTC device (no PNP device found)
[    6.614976] Scanning for low memory corruption every 60 seconds
[    6.696886] audit: initializing netlink subsys (disabled)
[    6.714398] audit: type=2000 audit(1532312680.837:1): initialized
[    6.732581] Initialise system trusted keyring
[    6.736742] HugeTLB registered 2 MB page size, pre-allocated 0 pages
[    6.761497] zbud: loaded
[    6.763293] VFS: Disk quotas dquot_6.6.0
[    6.764869] VFS: Dquot-cache hash table entries: 512 (order 0, 4096 bytes)
[    6.767145] squashfs: version 4.0 (2009/01/31) Phillip Lougher
[    6.788094] fuse init (API version 7.23)
[    6.789588] Key type big_key registered
[    6.794112] Allocating IMA MOK and blacklist keyrings.
[    6.797623] Key type asymmetric registered
[    6.798891] Asymmetric key parser 'x509' registered
[    6.801527] Block layer SCSI generic (bsg) driver version 0.4 loaded (major 249)
[    6.804698] io scheduler noop registered
[    6.805977] io scheduler deadline registered (default)
[    6.807521] io scheduler cfq registered
[    6.808957] pci_hotplug: PCI Hot Plug PCI Core version: 0.5
[    6.810523] pciehp: PCI Express Hot Plug Controller Driver version: 0.4
[    6.813106] ACPI: AC Adapter [AC] (on-line)
[    6.831969] input: Power Button as /devices/LNXSYSTM:00/LNXPWRBN:00/input/input0
[    6.834634] ACPI: Power Button [PWRF]
[    6.836159] input: Sleep Button as /devices/LNXSYSTM:00/LNXSLPBN:00/input/input1
[    6.838787] ACPI: Sleep Button [SLPF]
[    6.840500] GHES: HEST is not enabled!
[    6.842983] ACPI: Battery Slot [BAT0] (battery present)
[    6.844011] Serial: 8250/16550 driver, 32 ports, IRQ sharing enabled
[    6.868496] 00:02: ttyS0 at I/O 0x3f8 (irq = 4, base_baud = 115200) is a 16550A
[    6.871713] Linux agpgart interface v0.103
[    6.881457] loop: module loaded
[    6.882711] scsi host0: ata_piix
[    6.882851] scsi host1: ata_piix
[    6.882933] ata1: PATA max UDMA/33 cmd 0x1f0 ctl 0x3f6 bmdma 0xd000 irq 14
[    6.882936] ata2: PATA max UDMA/33 cmd 0x170 ctl 0x376 bmdma 0xd008 irq 15
[    6.883126] libphy: Fixed MDIO Bus: probed
[    6.883130] tun: Universal TUN/TAP device driver, 1.6
[    6.883132] tun: (C) 1999-2004 Max Krasnyansky <maxk@qualcomm.com>
[    6.883258] PPP generic driver version 2.4.2
[    6.883375] ehci_hcd: USB 2.0 'Enhanced' Host Controller (EHCI) Driver
[    6.883407] ehci-pci: EHCI PCI platform driver
[    6.883442] ehci-platform: EHCI generic platform driver
[    6.883460] ohci_hcd: USB 1.1 'Open' Host Controller (OHCI) Driver
[    6.883466] ohci-pci: OHCI PCI platform driver
[    6.883485] ohci-platform: OHCI generic platform driver
[    6.883501] uhci_hcd: USB Universal Host Controller Interface driver
[    6.883621] i8042: PNP: PS/2 Controller [PNP0303:PS2K,PNP0f03:PS2M] at 0x60,0x64 irq 1,12
[    6.884548] serio: i8042 KBD port at 0x60,0x64 irq 1
[    6.884558] serio: i8042 AUX port at 0x60,0x64 irq 12
[    6.884877] mousedev: PS/2 mouse device common for all mice
[    6.885465] input: AT Translated Set 2 keyboard as /devices/platform/i8042/serio0/input/input2
[    6.885967] rtc_cmos rtc_cmos: rtc core: registered rtc_cmos as rtc0
[    6.886066] rtc_cmos rtc_cmos: alarms up to one day, 114 bytes nvram
[    6.886076] i2c /dev entries driver
[    6.886162] device-mapper: uevent: version 1.0.3
[    6.886251] device-mapper: ioctl: 4.34.0-ioctl (2015-10-28) initialised: dm-devel@redhat.com
[    6.886279] ledtrig-cpu: registered to indicate activity on CPUs
[    6.886712] NET: Registered protocol family 10
[    6.886938] NET: Registered protocol family 17
[    6.886951] Key type dns_resolver registered
[    6.887306] registered taskstats version 1
[    6.887339] Loading compiled-in X.509 certificates
[    6.888561] Loaded X.509 cert 'Build time autogenerated kernel key: b3e0fe4bcd6378c38a2c0a4648abbc1fa5043a22'
[    6.888594] zswap: loaded using pool lzo/zbud
[    6.892252] Key type trusted registered
[    6.897406] Key type encrypted registered
[    6.897421] AppArmor: AppArmor sha1 policy hashing enabled
[    6.897428] ima: No TPM chip found, activating TPM-bypass!
[    6.897439] ima: Allocated hash algorithm: sha1
[    6.897475] evm: HMAC attrs: 0x1
[    6.898091]   Magic number: 10:318:410
[    6.898117] misc ecryptfs: hash matches
[    6.917844] rtc_cmos rtc_cmos: setting system clock to 2018-07-23 02:24:35 UTC (1532312675)
[    6.918056] BIOS EDD facility v0.16 2004-Jun-25, 0 devices found
[    6.918057] EDD information not available.
[    7.108733] Freeing unused kernel memory: 1516K
[    7.120153] Write protecting the kernel read-only data: 14336k
[    7.133920] Freeing unused kernel memory: 1680K
[    7.135828] Freeing unused kernel memory: 96K
Loading, please wait...
starting version 229
[    7.160231] random: systemd-udevd: uninitialized urandom read (16 bytes read, 2 bits of entropy available)
[    7.161570] random: udevadm: uninitialized urandom read (16 bytes read, 2 bits of entropy available)
[    7.161622] random: udevadm: uninitialized urandom read (16 bytes read, 2 bits of entropy available)
[    7.175600] random: udevadm: uninitialized urandom read (16 bytes read, 2 bits of entropy available)
[    7.175670] random: udevadm: uninitialized urandom read (16 bytes read, 2 bits of entropy available)
[    7.175883] random: udevadm: uninitialized urandom read (16 bytes read, 2 bits of entropy available)
[    7.175963] random: udevadm: uninitialized urandom read (16 bytes read, 2 bits of entropy available)
[    7.176041] random: udevadm: uninitialized urandom read (16 bytes read, 2 bits of entropy available)
[    7.176118] random: udevadm: uninitialized urandom read (16 bytes read, 2 bits of entropy available)
[    7.176194] random: udevadm: uninitialized urandom read (16 bytes read, 2 bits of entropy available)
[    7.396300] e1000: Intel(R) PRO/1000 Network Driver - version 7.3.21-k8-NAPI
[    7.398539] e1000: Copyright (c) 1999-2006 Intel Corporation.
[    7.404918] Fusion MPT base driver 3.04.20
[    7.425954] Copyright (c) 1999-2008 LSI Corporation
[    7.440154] Fusion MPT SPI Host driver 3.04.20
[    7.493777] AVX2 version of gcm_enc/dec engaged.
[    7.497685] AES CTR mode by8 optimization enabled
[    7.587907] tsc: Refined TSC clocksource calibration: 1696.260 MHz
[    7.592781] clocksource: tsc: mask: 0xffffffffffffffff max_cycles: 0x18735a34d2b, max_idle_ns: 440795211148 ns
[    7.645896] input: ImExPS/2 Generic Explorer Mouse as /devices/platform/i8042/serio1/input/input4
[    7.892799] e1000 0000:00:03.0 eth0: (PCI:33MHz:32-bit) 02:94:24:be:c9:02
[    7.985517] e1000 0000:00:03.0 eth0: Intel(R) PRO/1000 Network Connection
[    8.007857] mptbase: ioc0: Initiating bringup
[    8.072578] ioc0: LSI53C1030 A0: Capabilities={Initiator}
[    8.239009] scsi host2: ioc0: LSI53C1030 A0, FwRev=00000000h, Ports=1, MaxQ=256, IRQ=20
[    8.398570] scsi 2:0:0:0: Direct-Access     VBOX     HARDDISK         1.0  PQ: 0 ANSI: 5
[    8.508474] scsi target2:0:0: Beginning Domain Validation
[    8.534627] scsi target2:0:0: Domain Validation skipping write tests
[    8.539100] scsi target2:0:0: Ending Domain Validation
[    8.549570] scsi target2:0:0: asynchronous
[    8.558193] scsi 2:0:1:0: Direct-Access     VBOX     HARDDISK         1.0  PQ: 0 ANSI: 5
[    8.562921] scsi target2:0:1: Beginning Domain Validation
[    8.567248] scsi target2:0:1: Domain Validation skipping write tests
[    8.569819] scsi target2:0:1: Ending Domain Validation
[    8.577632] scsi target2:0:1: asynchronous
[    8.601846] sd 2:0:0:0: Attached scsi generic sg0 type 0
[    8.604922] sd 2:0:0:0: [sda] 20971520 512-byte logical blocks: (10.7 GB/10.0 GiB)
[    8.625563] sd 2:0:1:0: Attached scsi generic sg1 type 0
[    8.631929] sd 2:0:1:0: [sdb] 20480 512-byte logical blocks: (10.5 MB/10.0 MiB)
[    8.637221] sd 2:0:1:0: [sdb] Write Protect is off
[    8.640090] sd 2:0:1:0: [sdb] Incomplete mode parameter data
[    8.642727] sd 2:0:1:0: [sdb] Assuming drive cache: write through
[    8.645263] sd 2:0:0:0: [sda] Write Protect is off
[    8.653711] sd 2:0:0:0: [sda] Incomplete mode parameter data
[    8.678919] sd 2:0:0:0: [sda] Assuming drive cache: write through
[    8.947083]  sda: sda1
[    8.950523] sd 2:0:0:0: [sda] Attached SCSI disk
[    8.972106] e1000 0000:00:08.0 eth1: (PCI:33MHz:32-bit) 08:00:27:50:50:bb
[    8.986478] e1000 0000:00:08.0 eth1: Intel(R) PRO/1000 Network Connection
[    8.994444] e1000 0000:00:03.0 enp0s3: renamed from eth0
[    9.008123] e1000 0000:00:08.0 enp0s8: renamed from eth1
[    9.105436] sd 2:0:1:0: [sdb] Attached SCSI disk
Begin: Loading essential drivers[   11.126983] md: linear personality registered for level -1
 ... [   11.135330] md: multipath personality registered for level -4
[   11.141812] md: raid0 personality registered for level 0
[   11.149020] md: raid1 personality registered for level 1
[   11.219924] raid6: sse2x1   gen()  4436 MB/s
[   11.315001] raid6: sse2x1   xor()  3583 MB/s
[   11.384094] raid6: sse2x2   gen()  4075 MB/s
[   11.476062] raid6: sse2x2   xor()  2663 MB/s
[   11.545000] raid6: sse2x4   gen()  5659 MB/s
[   11.645084] raid6: sse2x4   xor()  2817 MB/s
[   11.772057] raid6: avx2x1   gen()  6442 MB/s
[   11.865008] raid6: avx2x2   gen() 10558 MB/s
[   11.932336] raid6: avx2x4   gen()  9947 MB/s
[   11.936414] raid6: using algorithm avx2x2 gen() 10558 MB/s
[   11.938218] raid6: using avx2x2 recovery algorithm
[   11.942540] xor: automatically using best checksumming function:
[   11.995818]    avx       : 13736.000 MB/sec
[   12.004813] async_tx: api initialized (async)
[   12.021251] md: raid6 personality registered for level 6
[   12.056405] md: raid5 personality registered for level 5
[   12.066384] md: raid4 personality registered for level 4
[   12.080446] md: raid10 personality registered for level 10
done.
Begin: Running /scripts/init-premount ... done.
Begin: Mounting root file system ... Begin: Running /scripts/local-top ... done.
Begin: Running /scripts/local-premount ... [   12.141183] Btrfs loaded
Scanning for Btrfs filesystems
done.
[   13.436392] random: nonblocking pool is initialized
Warning: fsck not present, so skipping root file system
[   13.463687] EXT4-fs (sda1): INFO: recovery required on readonly filesystem
[   13.468719] EXT4-fs (sda1): write access will be enabled during recovery
[   16.878844] EXT4-fs (sda1): recovery complete
[   16.911342] EXT4-fs (sda1): mounted filesystem with ordered data mode. Opts: (null)
done.
Begin: Running /scripts/local-bottom ... done.
Begin: Running /scripts/init-bottom ... done.
[   23.250999] systemd[1]: systemd 229 running in system mode. (+PAM +AUDIT +SELINUX +IMA +APPARMOR +SMACK +SYSVINIT +UTMP +LIBCRYPTSETUP +GCRYPT +GNUTLS +ACL +XZ -LZ4 +SECCOMP +BLKID +ELFUTILS +KMOD -IDN)
[   23.263887] systemd[1]: Detected virtualization oracle.
[   23.265752] systemd[1]: Detected architecture x86-64.

Welcome to [1mUbuntu 16.04.4 LTS[0m!

[   23.385130] systemd[1]: Set hostname to <ubuntu-xenial>.
[   29.338819] systemd[1]: Configuration file /lib/systemd/system/kubelet.service is marked world-inaccessible. This has no effect as configuration data is accessible via APIs without restrictions. Proceeding anyway.
[   29.677637] systemd[1]: Configuration file /etc/systemd/system/kubelet.service.d/10-kubeadm.conf is marked world-inaccessible. This has no effect as configuration data is accessible via APIs without restrictions. Proceeding anyway.
[   29.838183] systemd[1]: Set up automount Arbitrary Executable File Formats File System Automount Point.
[[0;32m  OK  [0m] Set up automount Arbitrary Executab...ats File System Automount Point.
[   29.942911] systemd[1]: Listening on Journal Audit Socket.
[[0;32m  OK  [0m] Listening on Journal Audit Socket.
[   29.965588] systemd[1]: Listening on Device-mapper event daemon FIFOs.
[[0;32m  OK  [0m] Listening on Device-mapper event daemon FIFOs.
[   30.135452] systemd[1]: Listening on LVM2 poll daemon socket.
[[0;32m  OK  [0m] Listening on LVM2 poll daemon socket.
[   30.190315] systemd[1]: Listening on Journal Socket (/dev/log).
[[0;32m  OK  [0m] Listening on Journal Socket (/dev/log).
[   30.207318] systemd[1]: Listening on udev Kernel Socket.
[[0;32m  OK  [0m] Listening on udev Kernel Socket.
[   30.250093] systemd[1]: Started Forward Password Requests to Wall Directory Watch.
[[0;32m  OK  [0m] Started Forward Password Requests to Wall Directory Watch.
[   30.258947] systemd[1]: Created slice System Slice.
[[0;32m  OK  [0m] Created slice System Slice.
[   30.262291] systemd[1]: Listening on /dev/initctl Compatibility Named Pipe.
[[0;32m  OK  [0m] Listening on /dev/initctl Compatibility Named Pipe.
[   30.279552] systemd[1]: Listening on LVM2 metadata daemon socket.
[[0;32m  OK  [0m] Listening on LVM2 metadata daemon socket.
[   30.283114] systemd[1]: Started Trigger resolvconf update for networkd DNS.
[[0;32m  OK  [0m] Started Trigger resolvconf update for networkd DNS.
[   30.286877] systemd[1]: Reached target System Time Synchronized.
[[0;32m  OK  [0m] Reached target System Time Synchronized.
[   30.312592] systemd[1]: Listening on Journal Socket.
[[0;32m  OK  [0m] Listening on Journal Socket.
[   30.364292] systemd[1]: Starting Remount Root and Kernel File Systems...
         Starting Remount Root and Kernel File Systems...
[   30.384631] systemd[1]: Mounting Huge Pages File System...
         Mounting Huge Pages File System...
[   30.389216] systemd[1]: Starting Uncomplicated firewall...
         Starting Uncomplicated firewall...
[   30.393572] systemd[1]: Starting Monitoring of LVM2 mirrors, snapshots etc. using dmeventd or progress polling...
         Starting Monitoring of LVM2 mirrors... dmeventd or progress polling...
[   30.512140] systemd[1]: Starting Load Kernel Modules...
         Starting Load Kernel Modules...
[   30.517379] systemd[1]: Starting Nameserver information manager...
         Starting Nameserver information manager...
[   30.520964] systemd[1]: Listening on udev Control Socket.
[[0;32m  OK  [0m] Listening on udev Control Socket.
[   30.525272] systemd[1]: Mounting Debug File System...
         Mounting Debug File System...
[   30.550831] systemd[1]: Created slice system-serial\x2dgetty.slice.
[[0;32m  OK  [0m] Created slice system-serial\x2dgetty.slice.
[   30.556494] systemd[1]: Reached target Swap.
[[0;32m  OK  [0m] Reached target Swap.
[   30.560606] systemd[1]: Starting Create list of required static device nodes for the current kernel...
         Starting Create list of required st... nodes for the current kernel...
[   30.565613] systemd[1]: Reached target Encrypted Volumes.
[[0;32m  OK  [0m] Reached target Encrypted Volumes.
[   30.569903] systemd[1]: Reached target User and Group Name Lookups.
[[0;32m  OK  [0m] Reached target User and Group Name Lookups.
[   30.575700] systemd[1]: Starting Set console keymap...
         Starting Set console keymap...
[   30.579370] systemd[1]: Created slice User and Session Slice.
[[0;32m  OK  [0m] Created slice User and Session Slice.
[   30.583958] systemd[1]: Reached target Slices.
[[0;32m  OK  [0m] Reached target Slices.
[   30.595188] systemd[1]: Listening on Syslog Socket.
[[0;32m  OK  [0m] Listening on Syslog Socket.
[   30.616369] systemd[1]: Starting Journal Service...
[   30.721872] Loading iSCSI transport class v2.0-870.
[   30.758428] EXT4-fs (sda1): re-mounted. Opts: (null)
         Starting Journal Service...
[   30.848009] systemd[1]: Mounting POSIX Message Queue File System...
         Mounting POSIX Message Queue File System...
[   30.864814] systemd[1]: Mounted POSIX Message Queue File System.
[[0;32m  OK  [0m] Mounted POSIX Message Queue File System.
[   30.891260] systemd[1]: Mounted Debug File System.
[[0;32m  OK  [0m] Mounted Debu[   30.909641] iscsi: registered transport (tcp)
g File System.
[   30.923121] systemd[1]: Mounted Huge Pages File System.
[[0;32m  OK  [0m] Mounted Huge Pages File System.
[   30.953642] systemd[1]: Started Remount Root and Kernel File Systems.
[[0;32m  OK  [0m] Started Remount Root and Kernel File Systems.
[   31.018972] systemd[1]: Started Uncomplicated firewall.
[[0;32m  OK  [0m] Started Uncomplicated firewall.
[   31.053709] systemd[1]: Started Create list of required static device nodes for the current kernel.
[[0;32m  OK  [0m] Started Create list of required sta...ce nodes for the current kernel.
[   31.120798] systemd[1]: Started Set console keymap.
[[0;32m  OK  [0m] Started Set console keymap.
[   31.168216] systemd[1]: Started Nameserver information manager.
[[0;32m  OK  [0m] Started Nameserver information manager.
[   31.207199] systemd[1]: Started Journal Service.
[[0;32m  OK  [0m] Started Journal Service.
[[0;32m  OK  [0m] Started LVM2 metadata daemon.
         Starting Create Static Device Nodes in /dev...
         Starting Load/Save Random Seed...
         Starting udev Coldplug all Devices...
         Starting Flush Journal to Persistent Storage...
[   31.707938] iscsi: registered transport (iser)
[[0;32m  OK  [0m] Started Load Kernel Modules.
         Mounting FUSE Control File System...
         Starting Apply Kernel Variables...
[[0;32m  OK  [0m] Mounted FUSE Control File System.
[[0;32m  OK  [0m] Started Load/Save Random Seed.
[   31.848172] systemd-journald[393]: Received request to flush runtime journal from PID 1
[[0;32m  OK  [0m] Started udev Coldplug all Devices.
[[0;32m  OK  [0m] Started Flush Journal to Persistent Storage.
[[0;32m  OK  [0m] Started Apply Kernel Variables.
[[0;32m  OK  [0m] Started Monitoring of LVM2 mirrors,...ng dmeventd or progress polling.
[[0;32m  OK  [0m] Started Create Static Device Nodes in /dev.
         Starting udev Kernel Device Manager...
[[0;32m  OK  [0m] Started udev Kernel Device Manager.
[[0;32m  OK  [0m] Reached target Local File Systems (Pre).
[[0;32m  OK  [0m] Reached target Local File Systems.
         Starting Tell Plymouth To Write Out Runtime Data...
         Starting LSB: AppArmor initialization...
         Starting Set console font and keymap...
         Starting LSB: ebtables ruleset management...
         Starting Create Volatile Files and Directories...
         Starting Initial cloud-init job (pre-networking)...
[[0;32m  OK  [0m] Started Dispatch Password Requests to Console Directory Watch.
[[0;32m  OK  [0m] Started Tell Plymouth To Write Out Runtime Data.
[[0;32m  OK  [0m] Found device /dev/ttyS0.
[[0;32m  OK  [0m] Started Create Volatile Files and Directories.
         Starting Update UTMP about System Boot/Shutdown...
[[0;32m  OK  [0m] Started LSB: ebtables ruleset management.
[[0;32m  OK  [0m] Started Update UTMP about System Boot/Shutdown.
[[0;32m  OK  [0m] Found device 82540EM Gigabit Ethern...r (PRO/1000 MT Desktop Adapter).
[[0;32m  OK  [0m] Found device 82540EM Gigabit Ethern...r (PRO/1000 MT Desktop Adapter).
[[0;32m  OK  [0m] Listening on Load/Save RF Kill Switch Status /dev/rfkill Watch.
[[0;32m  OK  [0m] Started Set console font and keymap.
[[0;32m  OK  [0m] Created slice system-getty.slice.
[[0;32m  OK  [0m] Started LSB: AppArmor initialization.
[   42.565551] cloud-init[494]: Cloud-init v. 18.2 running 'init-local' at Mon, 23 Jul 2018 02:25:10 +0000. Up 40.59 seconds.
[[0;32m  OK  [0m] Started Initial cloud-init job (pre-networking).
[[0;32m  OK  [0m] Reached target Network (Pre).
[[0;32m  OK  [0m] Started ifup for enp0s3.
[[0;32m  OK  [0m] Started ifup for enp0s8.
         Starting Raise network interfaces...
[[0;32m  OK  [0m] Started Raise network interfaces.
[[0;32m  OK  [0m] Reached target Network.
         Starting Initial cloud-init job (metadata service crawler)...
[   48.661897] cloud-init[1135]: Cloud-init v. 18.2 running 'init' at Mon, 23 Jul 2018 02:25:14 +0000. Up 44.17 seconds.
[   48.763220] cloud-init[1135]: ci-info: ++++++++++++++++++++++++++++++++++++++Net device info++++++++++++++++++++++++++++++++++++++
[   48.781265] cloud-init[1135]: ci-info: +--------+------+-----------------------------+---------------+-------+-------------------+
[   48.841617] cloud-init[1135]: ci-info: | Device |  Up  |           Address           |      Mask     | Scope |     Hw-Address    |
[[0;32m  OK  [0m] Started Initial cloud-init job (metadata service crawler).
[   48.897288] cloud-init[1135]: ci-info: +--------+------+-----------------------------+---------------+-------+-------------------+
[[0;32m  OK  [0m] Reached target Cloud-config availability.
[[0;32m  OK  [0m] Reached target System Initialization.
[   48.941113] cloud-init[1135]: ci-info: | enp0s3 | True |          10.0.2.15          | 255.255.255.0 |   .   | 02:94:24:be:c9:02 |
[   49.083090] [[0;32m  OK  [0m] Started ACPI Events Check.
[[0;32m  OK  [0m] Reached target Paths.
[[0;32m  OK  [0m] Listening on D-Bus System Message Bus Socket.
cloud-init[1135]: ci-info: | enp0s3 | True |  fe80::94:24ff:febe:c902/64 |       .       |  link | 02:94:24:be:c9:02 |
[   49.113527] [cloud-init[0;32m  OK  [0m[1135]: ] ci-info: | enp0s8 | True |        192.168.2.147        | 255.255.255.0 |   .   | 08:00:27:50:50:bb |Listening on UUID daemon activation socket.

[   49.152416] [cloud-init[0;32m  OK  [0m[1135]: ] ci-info: | enp0s8 | True | fe80::a00:27ff:fe50:50bb/64 |       .       |  link | 08:00:27:50:50:bb |Started Daily Cleanup of Temporary Directories.

[   49.153110] [[0;32m  OK  [0m] Listening on ACPID Listen Socket.
cloud-init[1135]: ci-info: |   lo   | True |          127.0.0.1          |   255.0.0.0   |   .   |         .         |
[   49.166138] cloud-init[1135]: ci-info: |   lo   | True |           ::1/128           |       .       |  host |         .         |
[   49.169990] cloud-init[1135]: ci-info: +--------+------+-----------------------------+---------------+-------+-------------------+
[   49.202234] cloud-init[1135]: ci-info: +++++++++++++++++++++++++++Route IPv4 info++++++++++++++++++++++++++++
[   49.204793] cloud-init[1135]: ci-info: +-------+-------------+----------+---------------+-----------+-------+
[   49.207647] cloud-init[1135]: ci-info: | Route | Destination | Gateway  |    Genmask    | Interface | Flags |
[   49.213161] cloud-init[1135]: ci-info: +-------+-------------+----------+---------------+-----------+-------+
[   49.224646] cloud-init[1135]: ci-info: |   0   |   0.0.0.0   | 10.0.2.2 |    0.0.0.0    |   enp0s3  |   UG  |
[   49.230312] cloud-init[1135]: ci-info: |   1   |   10.0.2.0  | 0.0.0.0  | 255.255.255.0 |   enp0s3  |   U   |
[   49.233786] cloud-init[1135]: ci-info: |   2   | 192.168.2.0 | 0.0.0.0  | 255.255.255.0 |   enp0s8  |   U   |
[   49.236802] cloud-init[1135]: ci-info: +-------+-------------+----------+---------------+-----------+-------+
[[0;32m  OK  [0m] Started Daily apt download activities.
[[0;32m  OK  [0m] Started Daily apt upgrade and clean activities.
         Starting Docker Socket for the API.
         Starting LXD - unix socket.
         Starting Socket activation for snappy daemon.
[[0;32m  OK  [0m] Reached target Timers.
[[0;32m  OK  [0m] Reached target Network is Online.
         Starting iSCSI initiator daemon (iscsid)...
[[0;32m  OK  [0m] Listening on Docker Socket for the API.
[[0;32m  OK  [0m] Listening on LXD - unix socket.
[[0;32m  OK  [0m] Listening on Socket activation for snappy daemon.
[[0;32m  OK  [0m] Reached target Sockets.
[[0;32m  OK  [0m] Reached target Basic System.
[[0;32m  OK  [0m] Started kubelet: The Kubernetes Node Agent.
         Starting Snappy daemon...
         Starting LXD - container startup/shutdown...
         Starting Accounts Service...
         Starting Apply the settings specified in cloud-config...
[[0;32m  OK  [0m] Started Regular background program processing daemon.
[[0;32m  OK  [0m] Started Unattended Upgrades Shutdown.
         Starting Login Service...
         Starting Virtualbox guest utils...
         Starting LSB: Record successful boot for GRUB...
[[0;32m  OK  [0m] Started ACPI event daemon.
         Starting LSB: MD monitoring daemon...
[[0;32m  OK  [0m] Started FUSE filesystem for LXC.
[[0;32m  OK  [0m] Started Deferred execution scheduler.
[[0;32m  OK  [0m] Started D-Bus System Message Bus.
[   55.802693] cloud-init[1196]: Cloud-init v. 18.2 running 'modules:config' at Mon, 23 Jul 2018 02:25:23 +0000. Up 52.95 seconds.
         Starting System Logging Service...
         Starting OpenBSD Secure Shell server...
         Starting /etc/rc.local Compatibility...
         Starting Docker Application Container Engine...
[[0;32m  OK  [0m] Started Apply the settings specified in cloud-config.
[[0;32m  OK  [0m] Started /etc/rc.local Compatibility.
[[0;32m  OK  [0m] Started Login Service.
[[0;32m  OK  [0m] Started iSCSI initiator daemon (iscsid).
         Starting Login to default iSCSI targets...
         Starting Authenticate and Authorize Users to Run Privileged Tasks...
[[0;32m  OK  [0m] Started LSB: Record successful boot for GRUB.
[[0;32m  OK  [0m] Started LSB: MD monitoring daemon.
[[0;32m  OK  [0m] Started System Logging Service.
[[0;32m  OK  [0m] Started Login to default iSCSI targets.
[[0;32m  OK  [0m] Reached target Remote File Systems (Pre).
[[0;32m  OK  [0m] Reached target Remote File Systems.
         Starting LSB: automatic crash report generation...
         Starting Permit User Sessions...
         Starting LSB: Set the CPU Frequency Scaling governor to "ondemand"...
         Starting LSB: daemon to balance interrupts for SMP systems...
[[0;32m  OK  [0m] Started LSB: Set the CPU Frequency Scaling governor to "ondemand".
[[0;32m  OK  [0m] Started Permit User Sessions.
         Starting Terminate Plymouth Boot Screen...
         Starting Hold until boot process finishes up...
[[0;32m  OK  [0m] Started Terminate Plymouth Boot Screen.
[[0;32m  OK  [0m] Started Hold until boot process finishes up.
         Starting Set console scheme...
[[0;32m  OK  [0m] Started Serial Getty on ttyS0.
[[0;32m  OK  [0m] Started Getty on tty1.
[[0;32m  OK  [0m] Reached target Login Prompts.
[[0;32m  OK  [0m] Started LSB: daemon to balance interrupts for SMP systems.
[[0;32m  OK  [0m] Started Set console scheme.
[[0;32m  OK  [0m] Started LSB: automatic crash report generation.
[[0;32m  OK  [0m] Started Authenticate and Authorize Users to Run Privileged Tasks.
[[0;32m  OK  [0m] Started Accounts Service.
[[0;32m  OK  [0m] Started Virtualbox guest utils.
[[0;32m  OK  [0m] Started OpenBSD Secure Shell server.
[[0;32m  OK  [0m] Started LXD - container startup/shutdown.
[[0;32m  OK  [0m] Created slice User Slice of vagrant.
         Starting User Manager for UID 1000...
[[0;32m  OK  [0m] Started Session 1 of user vagrant.
[[0;32m  OK  [0m] Started User Manager for UID 1000.
[[0;32m  OK  [0m] Started Snappy daemon.
         Starting Wait until snapd is fully seeded...
[[0;32m  OK  [0m] Started Wait until snapd is fully seeded.

Ubuntu 16.04.4 LTS ubuntu-xenial ttyS0

ubuntu-xenial login: [  118.419834] cloud-init[2607]: Cloud-init v. 18.2 running 'modules:final' at Mon, 23 Jul 2018 02:26:27 +0000. Up 117.25 seconds.
[  118.420473] cloud-init[2607]: Cloud-init v. 18.2 finished at Mon, 23 Jul 2018 02:26:28 +0000. Datasource DataSourceNoCloud [seed=/dev/sdb][dsmode=net].  Up 118.40 seconds
[ 2418.754265] e1000 0000:00:08.0 enp0s8: Reset adapter
[[0;32m  OK  [0m] Stopped Kubernetes transient mount ...io~secret/weave-net-token-stj7c.
[[0;32m  OK  [0m] Stopped target Timers.
[[0;32m  OK  [0m] Stopped target Cloud-init target.
         Stopping ACPI event daemon...
[[0;32m  OK  [0m] Stopped Kubernetes transient mount ...ret/fission-fetcher-token-m2hr4.
         Stopping Session 4 of user vagrant.
[[0;32m  OK  [0m] Stopped Daily apt upgrade and clean activities.
[[0;32m  OK  [0m] Stopped Kubernetes transient mount ...ret/fission-fetcher-token-m2hr4.
[[0;32m  OK  [0m] Stopped Kubernetes transient mount ...s.io~secret/coredns-token-fsr2f.
         Stopping Authenticate and Authorize Users to Run Privileged Tasks...
[[0;32m  OK  [0m] Stopped Daily Cleanup of Temporary Directories.
         Stopping Session 1 of user vagrant.
[[0;32m  OK  [0m] Stopped Kubernetes transient mount ...s.io~secret/default-token-6sprl.
[[0;32m  OK  [0m] Stopped Kubernetes transient mount ...~secret/fission-svc-token-ln2jh.
[[0;32m  OK  [0m] Stopped Kubernetes transient mount ...o~secret/kube-proxy-token-85fbs.
[[0;32m  OK  [0m] Stopped Daily apt download activities.
[[0;32m  OK  [0m] Stopped target System Time Synchronized.
         Stopping User Manager for UID 1000...
[[0;32m  OK  [0m] Stopped Kubernetes transient mount ...~secret/fission-svc-token-ln2jh.
[[0;32m  OK  [0m] Stopped Kubernetes transient mount ...~secret/fission-svc-token-ln2jh.
[[0;32m  OK  [0m] Stopped Kubernetes transient mount ...~secret/fission-svc-token-ln2jh.
[[0;32m  OK  [0m] Stopped target Graphical Interface.
         Stopping Accounts Service...
[[0;32m  OK  [0m] Closed Load/Save RF Kill Switch Status /dev/rfkill Watch.
[[0;32m  OK  [0m] Stopped Execute cloud user/final scripts.
[[0;32m  OK  [0m] Stopped Apply the settings specified in cloud-config.
[[0;32m  OK  [0m] Stopped target Cloud-config availability.
[[0;32m  OK  [0m] Stopped target Multi-User System.
         Stopping LSB: Record successful boot for GRUB...
         Stopping OpenBSD Secure Shell server...
         Stopping System Logging Service...
         Stopping kubelet: The Kubernetes Node Agent...
         Stopping Docker Application Container Engine...
         Stopping Regular background program processing daemon...
         Stopping LSB: Set the CPU Frequency Scaling governor to "ondemand"...
[[0;32m  OK  [0m] Stopped target Login Prompts.
         Stopping Getty on tty1...
         Stopping Serial Getty on ttyS0...
         Stopping Unattended Upgrades Shutdown...
         Stopping LXD - container startup/shutdown...
[[0;32m  OK  [0m] Stopped Wait until snapd is fully seeded.
         Stopping D-Bus System Message Bus...
         Stopping Deferred execution scheduler...
         Stopping LSB: automatic crash report generation...
         Stopping FUSE filesystem for LXC...
         Stopping LSB: MD monitoring daemon...
         Stopping Snappy          Stopping Virtualbox guest utils...
[[0;32m  OK  [0m] Stopped Regular background program processing daemon.
[[0;32m  OK  [0m] Stopped ACPI event daemon.
[[0;32m  OK  [0m] Stopped Deferred execution scheduler.
[[0;32m  OK  [0m] Stopped OpenBSD Secure Shell server.
[[0;32m  OK  [0m] Stopped Authenticate and Authorize Users to Run Privileged Tasks.
[[0;32m  OK  [0m] Stopped Serial Getty on ttyS0.
[[0;32m  OK  [0m] Stopped Getty on tty1.
[[0;32m  OK  [0m] Stopped Session 1 of user vagrant.
[[0;32m  OK  [0m] Stopped Session 4 of user vagrant.
[[0;32m  OK  [0m] Stopped D-Bus System Message Bus.
[[0;32m  OK  [0m] Unmounted /var/lib/lxcfs.
[[0;32m  OK  [0m] Stopped kubelet: The Kubernetes Node Agent.
[[0;32m  OK  [0m] Stopped FUSE filesystem for LXC.
[[0;32m  OK  [0m] Stopped User Manager for UID 1000.
[[0;32m  OK  [0m] Stopped Accounts Service.
[[0;32m  OK  [0m] Stopped LXD - container startup/shutdown.
[[0;32m  OK  [0m] Removed slice User Slice of vagrant.
         Stopping Login Service...
[[0;32m  OK  [0m] Removed slice system-getty.slice.
         Stopping Permit User Sessions...
[[0;32m  OK  [0m] Removed slice system-serial\x2dgetty.slice.
[[0;32m  OK  [0m] Stopped /etc/rc.local Compatibility.
[[0;32m  OK  [0m] Stopped System Logging Service.
[[0;32m  OK  [0m] Stopped Permit User Sessions.
[[0;32m  OK  [0m] Stopped Login Service.
[[0;32m  OK  [0m] Stopped target User and Group Name Lookups.
[[0;32m  OK  [0m] Stopped LSB: Record successful boot for GRUB.
[[0;32m  OK  [0m] Stopped LSB: Set the CPU Frequency Scaling governor to "ondemand".
[[0;32m  OK  [0m] Stopped LSB: MD monitoring daemon.
[[0;32m  OK  [0m] Stopped Snappy daemon.
[[0;32m  OK  [0m] Stopped LSB: automatic crash report generation.
[[0;32m  OK  [0m] Stopped LSB: daemon to balance interrupts for SMP systems.
[[0;32m  OK  [0m] Stopped target Remote File Systems.
[[0;32m  OK  [0m] Stopped target Remote File Systems (Pre).
         Stopping Login to default iSCSI targets...
[[0;32m  OK  [0m] Stopped Virtualbox guest utils.
[[0;32m  OK  [0m] Stopped Unattended Upgrades Shutdown.
[[0;32m  OK  [0m] Stopped Login to default iSCSI targets.
         Stopping iSCSI initiator daemon (iscsid)...
[[0;32m  OK  [0m] Stopped iSCSI initiator daemon (iscsid).
[[0;32m  OK  [0m] Unmounted /var/lib/docker/overlay2/...b0dd167d56b9820b436142e4/merged.
[[0;32m  OK  [0m] Unmounted /var/lib/docker/overlay2/...dc6fe5a6082b0280030a68cb/merged.
[[0;32m  OK  [0m] Unmounted /run/docker/netns/24582fd7fa19.
[[0;32m  OK  [0m] Unmounted /var/lib/docker/container...cb55449592960e51fac1/mounts/shm.
[[0;32m  OK  [0m] Unmounted /var/lib/docker/overlay2/...f864f508a66cc0ed5e39c6d9/merged.
[[0;32m  OK  [0m] Unmounted /run/docker/netns/5538a28cb418.
[[0;32m  OK  [0m] Unmounted /var/lib/docker/container...c5a86810bd9d1d6c69d5/mounts/shm.
[[0;32m  OK  [0m] Unmounted /var/lib/docker/container...53edca5daa145ae6adc0/mounts/shm.
[[0;32m  OK  [0m] Unmounted /var/lib/docker/overlay2/...11161cd1c9b895728987d80a/merged.
[[0;32m  OK  [0m] Unmounted /var/lib/docker/container...a759edf462125f8851e7/mounts/shm.
[[0;32m  OK  [0m] Unmounted /var/lib/docker/overlay2/...5b91e18c188fae49145f5392/merged.
[[0;32m  OK  [0m] Unmounted /var/lib/docker/overlay2/...929ca97f4b5d4cc273c0f207/merged.
[[0;32m  OK  [0m] Unmounted /var/lib/docker/overlay2/...0be78be45c8e3c95c6c6e67d/merged.
[[0;32m  OK  [0m] Unmounted /var/lib/docker/container...2925a521aae1c9b9e6ea/mounts/shm.
[[0;32m  OK  [0m] Unmounted /var/lib/docker/overlay2/...a2e9adc5a1e37c0e24077709/merged.
[[0;32m  OK  [0m] Unmounted /var/lib/docker/overlay2/...939cf2eac542c751b8d33481/merged.
[[0;32m  OK  [0m] Unmounted /run/docker/netns/e4da39c2b1dd.
[[0;32m  OK  [0m] Unmounted /var/lib/docker/container...750a43b1ed93ed906bda/mounts/shm.
[[0;32m  OK  [0m] Unmounted /var/lib/docker/overlay2/...1070f6d0dba81365b96e5568/merged.
[[0;32m  OK  [0m] Unmounted /var/lib/docker/overlay2/...7af82665fefb0602ed69c70b/merged.
[[0;32m  OK  [0m] Unmounted /run/docker/netns/62d901d5479a.
[[0;32m  OK  [0m] Unmounted /var/lib/docker/overlay2/...7349474169b8bc4b4dc098e6/merged.
[[0;32m  OK  [0m] Unmounted /var/lib/docker/overlay2/...90566bf97eed34036e2fc0e9/merged.
[[0;32m  OK  [0m] Unmounted /var/lib/docker/overlay2/...4ad385f512db8da4e7881d32/merged.
[[0;32m  OK  [0m] Unmounted /var/lib/docker/overlay2/...d8172633c9cbb07a7219d3ae/merged.
[[0;32m  OK  [0m] Unmounted /var/lib/docker/overlay2/...d74f2b9c5230082982ff85ba/merged.
[[0;32m  OK  [0m] Unmounted /var/lib/docker/overlay2/...fa3e4fa31baf0258a9066c54/merged.
[[0;32m  OK  [0m] Unmounted /run/docker/netns/74948ff10714.
[[0;32m  OK  [0m] Unmounted /run/docker/netns/dc9290204cbf.
[[0;32m  OK  [0m] Unmounted /var/lib/docker/container...97cbd1aadd23a7c488e4/mounts/shm.
[[0;32m  OK  [0m] Unmounted /var/lib/docker/overlay2/...648e00305b27c4c59218fa69/merged.
[[0;32m  OK  [0m] Unmounted /var/lib/docker/container...abbaec2a335dd4652ba6/mounts/shm.
[[0;32m  OK  [0m] Unmounted /var/lib/docker/overlay2/...4350feba100bf089c82ff336/merged.
[[0;32m  OK  [0m] Unmounted /var/lib/docker/container...7be4f826257c4cc1e4db/mounts/shm.
[[0;32m  OK  [0m] Unmounted /var/lib/docker/overlay2/...b711a0df49d15d8643ae576a/merged.
[[0;32m  OK  [0m] Unmounted /var/lib/docker/overlay2/...91d7bbdbff0e8f6938f766cf/merged.
[[0;32m  OK  [0m] Unmounted /var/lib/docker/overlay2/...6a468b88d15cac410704aebd/merged.
[[0;32m  OK  [0m] Unmounted /var/lib/docker/overlay2/...1aef6edc771cd8bc4df31a24/merged.
[[0;32m  OK  [0m] Unmounted /var/lib/docker/overlay2/...7f52f4247f7b09918f5b7753/merged.
[[0;32m  OK  [0m] Unmounted /var/lib/docker/overlay2/...8fdc6ea0d578f73781169f6e/merged.
[[0;32m  OK  [0m] Unmounted /run/docker/netns/d45149f7c785.
[[0;32m  OK  [0m] Unmounted /run/docker/netns/3301967f1d19.
[[0;32m  OK  [0m] Unmounted /var/lib/docker/overlay2/...a549773bc1f3aa3e08a2574d/merged.
[[0;32m  OK  [0m] Unmounted /var/lib/docker/container...d06ff5fc9f17a82d5007/mounts/shm.
[[0;32m  OK  [0m] Unmounted /run/docker/netns/7941ad5e6e51.
[[0;32m  OK  [0m] Unmounted /var/lib/docker/overlay2/...57c153f4a75a61f397566978/merged.
[[0;32m  OK  [0m] Unmounted /var/lib/docker/container...bbeea898efc7a97cb27c/mounts/shm.
[[0;32m  OK  [0m] Unmounted /var/lib/docker/container...07c7faf8f16ed93ad664/mounts/shm.
[[0;32m  OK  [0m] Unmounted /var/lib/docker/container...27162b9c1579f29b372c/mounts/shm.
[[0;32m  OK  [0m] Unmounted /var/lib/docker/overlay2/...5dde976216c27244b056656f/merged.
[[0;32m  OK  [0m] Unmounted /var/lib/docker/overlay2/...33cb2ba5e957b3240552e868/merged.
[[0;32m  OK  [0m] Unmounted /run/docker/netns/2bb7bf1729c2.
[[0;32m  OK  [0m] Unmounted /var/lib/docker/overlay2/...ad05e50990edb90645970215/merged.
[[0;32m  OK  [0m] Unmounted /var/lib/docker/overlay2/...f2352b1492598cb134d63665/merged.
[[0;32m  OK  [0m] Unmounted /var/lib/docker/overlay2/...c3c9f510656a0abf16e04a5a/merged.
[[0;32m  OK  [0m] Unmounted /run/docker/netns/08eba80ec785.
[[0;32m  OK  [0m] Unmounted /var/lib/docker/overlay2/...73909b5fb14cb40bca0cd507/merged.
[[0;32m  OK  [0m] Unmounted /run/docker/netns/ed1909b4a5e8.
[[0;32m  OK  [0m] Unmounted /var/lib/docker/container...281893bafc6917ab2d99/mounts/shm.
[[0;32m  OK  [0m] Unmounted /run/docker/netns/e496fceaf257.
[[0;32m  OK  [0m] Unmounted /var/lib/docker/container...071bb0d1dbc5990e585b/mounts/shm.
[[0;32m  OK  [0m] Unmounted /run/docker/netns/e6b3af1188ba.
[[0;32m  OK  [0m] Unmounted /var/lib/docker/overlay2/...fc6fe06678c3080b293ac506/merged.
[[0;32m  OK  [0m] Unmounted /run/docker/netns/4506f19d1a67.
[[0;32m  OK  [0m] Unmounted /run/docker/netns/231d1eacb956.
[[0;32m  OK  [0m] Unmounted /var/lib/docker/container...ec349f7b386849d65652/mounts/shm.
[[0;32m  OK  [0m] Unmounted /var/lib/docker/container...60ccd1eb6188b8881928/mounts/shm.
[[0;32m  OK  [0m] Unmounted /run/docker/netns/22b883c45867.
[[0;32m  OK  [0m] Unmounted /run/docker/netns/e380da75e797.
[[0;32m  OK  [0m] Unmounted /run/docker/netns/01b8810b7701.
[[0;32m  OK  [0m] Unmounted /var/lib/docker/container...878d94317f9700377a53/mounts/shm.
[[0;32m  OK  [0m] Unmounted /var/lib/docker/container...8a5bb453d629d4b30920/mounts/shm.
[[0;32m  OK  [0m] Unmounted /var/lib/docker/container...ec1ffdb0df9308e2b149/mounts/shm.
[[0;32m  OK  [0m] Unmounted /run/docker/netns/3328e9c8f280.
[[0;32m  OK  [0m] Unmounted /var/lib/docker/overlay2/...193639a7fc24f28d1a62b393/merged.
[[0;32m  OK  [0m] Unmounted /var/lib/docker/overlay2/...603d551be6306b5a81a34afe/merged.
[[0;32m  OK  [0m] Unmounted /var/lib/docker/overlay2/...2577d1ddedf0207a5c83649f/merged.
[[0;32m  OK  [0m] Unmounted /var/lib/docker/overlay2/...d73423a9a475daa41d23653a/merged.
[[0;32m  OK  [0m] Unmounted /var/lib/docker/overlay2/...09dbc15d6d454f500c59da61/merged.
[[0;32m  OK  [0m] Unmounted /var/lib/docker/overlay2/...494f84bcc289df1cad593911/merged.
[[0;32m  OK  [0m] Unmounted /var/lib/docker/container...a70913e65dcb3bbd4b7f/mounts/shm.
[[0;32m  OK  [0m] Unmounted /var/lib/docker/overlay2/...418cf6fbf60e61db9da76e49/merged.
[[0;32m  OK  [0m] Unmounted /var/lib/docker/overlay2/...4239a0cb02ff1679ace0f12b/merged.
[[0;32m  OK  [0m] Unmounted /var/lib/docker/overlay2/...38d33d1a16c3be7e66a6f7b6/merged.
[[0;32m  OK  [0m] Unmounted /var/lib/docker/container...a50c1b1b4537492fa16a/mounts/shm.
[[0;32m  OK  [0m] Unmounted /var/lib/docker/overlay2/...421a0d5c816f022bbd4f810b/merged.
[[0;32m  OK  [0m] Unmounted /var/lib/docker/overlay2/...cc0fb8f042ea177cabdb12d9/merged.
[[0;32m  OK  [0m] Unmounted /var/lib/docker/container...257a9206934be063e7bd/mounts/shm.
[[0;32m  OK  [0m] Unmounted /var/lib/docker/container...844a5ea4af570db63828/mounts/shm.
[[0;32m  OK  [0m] Unmounted /var/lib/docker/overlay2/...8d8efb3c62d00e61a6f97c3e/merged.
[[0;32m  OK  [0m] Unmounted /var/lib/docker/container...ff43e7ac17d08c08de9e/mounts/shm.
[[0;32m  OK  [0m] Unmounted /var/lib/docker/overlay2/...9d98a5cc7a313fa3623b8d26/merged.
[[0;32m  OK  [0m] Unmounted /var/lib/docker/overlay2/...2959c1599f11a6bc2c284003/merged.
[[0;32m  OK  [0m] Unmounted /var/lib/docker/overlay2/...cc0a06423339f66d77828219/merged.
[[0;32m  OK  [0m] Unmounted /var/lib/docker/container...996f4165a1ca8fd62e25/mounts/shm.
[[0;32m  OK  [0m] Unmounted /var/lib/docker/overlay2/...1391e229a0e69491522c95a3/merged.
[[0;32m  OK  [0m] Unmounted /run/docker/netns/6e38d3cca67c.
[[0;32m  OK  [0m] Unmounted /var/lib/docker/container...54591df0e31ccd429858/mounts/shm.
[[0;32m  OK  [0m] Unmounted /var/lib/docker/overlay2/...592a3a7610114efb142fc5fc/merged.
[[0;32m  OK  [0m] Unmounted /var/lib/docker/overlay2/...dfc6e2fada08ccc107c40833/merged.
[[0;32m  OK  [0m] Unmounted /var/lib/docker/overlay2/...252ba76607cbcf65def54201/merged.
[[0;32m  OK  [0m] Unmounted /var/lib/docker/overlay2/...fd5615c2c394e979248245ff/merged.
[[0;32m  OK  [0m] Unmounted /var/lib/docker/overlay2/...fa6eff5cef4748f83c63741d/merged.
[[0;32m  OK  [0m] Unmounted /var/lib/docker/overlay2/...808ab0d27359e839dee54f73/merged.
[[0;32m  OK  [0m] Unmounted /var/lib/docker/overlay2/...b86a8cbb136911ab6287ad4f/merged.
[[0;32m  OK  [0m] Unmounted /var/lib/docker/overlay2/...9e4172302aea646ef7b96118/merged.
[[0;32m  OK  [0m] Unmounted /var/lib/docker/overlay2/...3d5b8fc3498082ffee7e9c41/merged.
[[0;32m  OK  [0m] Unmounted /run/docker/netns/652c56d034e3.
[[0;32m  OK  [0m] Unmounted /var/lib/docker/overlay2/...81ba72bbe94ecc437c1edff6/merged.
[[0;32m  OK  [0m] Unmounted /var/lib/docker/container...ac1663cf625927b0e8ab/mounts/shm.
[[0;32m  OK  [0m] Unmounted /run/docker/netns/96fbc1e15f92.
[[0;32m  OK  [0m] Unmounted /run/docker/netns/814c802d666e.
[[0;32m  OK  [0m] Unmounted /var/lib/docker/container...702cc0af27ea386648ec/mounts/shm.
[[0;32m  OK  [0m] Unmounted /var/lib/docker/container...8fd7be0c7f4e32642cd5/mounts/shm.
[[0;32m  OK  [0m] Unmounted /var/lib/docker/overlay2/...76b29b4837a55ea7b7763bad/merged.
[[0;32m  OK  [0m] Unmounted /var/lib/docker/overlay2/...4d370b06ad15b3fa1e321b12/merged.
[[0;32m  OK  [0m] Unmounted /var/lib/docker/overlay2/...6693452c4d6c45cd1ce0568d/merged.
[[0;32m  OK  [0m] Unmounted /var/lib/docker/overlay2/...e32416042e8440edb8c09fcd/merged.
[[0;32m  OK  [0m] Unmounted /var/lib/docker/overlay2/...dcf8fb3ad5ff58d28b8d6ab6/merged.
[[0;32m  OK  [0m] Unmounted /var/lib/docker/overlay2/...c9d53bd23ef923d2517c01ea/merged.
[[0;32m  OK  [0m] Unmounted /var/lib/docker/overlay2/...8556f34c707f6b47e1e7a090/merged.
[[0;32m  OK  [0m] Stopped Docker Application Container Engine.
[[0;32m  OK  [0m] Stopped target Basic System.
[[0;32m  OK  [0m] Stopped target Sockets.
[[0;32m  OK  [0m] Closed LXD - unix socket.
[[0;32m  OK  [0m] Closed UUID daemon activation socket.
[[0;32m  OK  [0m] Closed Syslog Socket.
[[0;32m  OK  [0m] Closed D-Bus System Message Bus Socket.
[[0;32m  OK  [0m] Closed Socket activation for snappy daemon.
[[0;32m  OK  [0m] Closed ACPID Listen Socket.
[[0;32m  OK  [0m] Stopped target Paths.
[[0;32m  OK  [0m] Stopped Forward Password Requests to Wall Directory Watch.
[[0;32m  OK  [0m] Stopped ACPI Events Check.
[[0;32m  OK  [0m] Stopped Dispatch Password Requests to Console Directory Watch.
[[0;32m  OK  [0m] Stopped target Slices.
[[0;32m  OK  [0m] Removed slice User and Session Slice.
[[0;32m  OK  [0m] Stopped target Network is Online.
[[0;32m  OK  [0m] Stopped target Network.
[[0;32m  OK  [0m] Closed Docker Socket for the API.
[[0;32m  OK  [0m] Stopped target System Initialization.
[[0;32m  OK  [0m] Stopped target Encrypted Volumes.
[[0;32m  OK  [0m] Stopped Create Volatile Files and Directories.
         Stopping LSB: ebtables ruleset management...
[[0;32m  OK  [0m] Stopped Initial cloud-init job (metadata service crawler).
         Stopping Raise network interfaces...
         Stopping Load/Save Random Seed...
[[0;32m  OK  [0m] Stopped target Swap.
[[0;32m  OK  [0m] Stopped Load/Save Random Seed.
[[0;32m  OK  [0m] Stopped LSB: ebtables ruleset management.
[[0;32m  OK  [0m] Stopped Raise network interfaces.
[[0;32m  OK  [0m] Stopped Apply Kernel Variables.
[[0;32m  OK  [0m] Stopped target Network (Pre).
[[0;32m  OK  [0m] Stopped Initial cloud-init job (pre-networking).
[[0;32m  OK  [0m] Stopped target Local File Systems.
         Unmounting /var/lib/kubelet/pods/4c...t/fission-fetcher-token-m2hr4...
         Unmounting /var/lib/kubelet/pods/05...io~secret/coredns-token-fsr2f...
         Unmounting /var/lib/kubelet/pods/31....io~secret/tiller-token-w5498...
         Unmounting /run/docker/netns/default...
         Unmounting /var/lib/kubelet/pods/59...ecret/fission-svc-token-ln2jh...
         Unmounting /var/lib/kubelet/pods/b1...io~secret/default-token-h4tvm...
         Unmounting /var/lib/kubelet/pods/59...ecret/fission-svc-token-ln2jh...
         Unmounting /var/lib/kubelet/pods/59...io~secret/default-token-6sprl...
         Unmounting /var/lib/kubelet/pods/65...t/fission-fetcher-token-m2hr4...
         Unmounting /var/lib/kubelet/pods/46...ernetes-dashboard-token-44pgg...
         Unmounting /var/lib/kubelet/pods/65...t/fission-fetcher-token-m2hr4...
         Unmounting /var/lib/kubelet/pods/46...et/kubernetes-dashboard-certs...
         Unmounting /var/lib/kubelet/pods/59...ecret/fission-svc-token-ln2jh...
         Unmounting /var/lib/kubelet/pods/59...ecret/fission-svc-token-ln2jh...
         Unmounting /var/lib/kubelet/pods/2f...~secret/weave-net-token-stj7c...
         Unmounting /var/lib/kubelet/pods/59...ecret/fission-svc-token-ln2jh...
         Unmounting /run/user/1000...
         Unmounting /var/lib/kubelet/pods/59...ecret/fission-svc-token-ln2jh...
         Unmounting /var/lib/kubelet/pods/65...t/fission-fetcher-token-m2hr4...
         Unmounting /var/lib/kubelet/pods/a8...t/fission-builder-token-745mk...
         Unmounting /vagrant...
         Unmounting /var/lib/kubelet/pods/59...ecret/fission-svc-token-ln2jh...
         Unmounting /var/lib/kubelet/pods/59...ecret/fission-svc-token-ln2jh...
         Unmounting /var/lib/kubelet/pods/05...secret/kube-proxy-token-85fbs...
         Unmounting /var/lib/kubelet/pods/05...io~secret/coredns-token-fsr2f...
         Unmounting /var/lib/docker/overlay2...e16aad3d40843a65a21093/merged...
         Unmounting /var/lib/kubelet/pods/59...io~secret/default-token-6sprl...
         Unmounting /var/lib/kubelet/pods/77...t/fission-fetcher-token-m2hr4...
         Unmounting /var/lib/docker/overlay2...69709383b57343bd133d50/merged...
         Unmounting /var/lib/kubelet/pods/59...ecret/fission-svc-token-ln2jh...
         Unmounting /var/lib/kubelet/pods/65...t/fission-fetcher-token-m2hr4...
         Unmounting /var/lib/kubelet/pods/65...t/fission-fetcher-token-m2hr4...
[[0;32m  OK  [0m] Stopped Load Kernel Modules.
[[0;32m  OK  [0m] Unmounted /var/lib/kubelet/pods/4c4...ret/fission-fetcher-token-m2hr4.
[[0;32m  OK  [0m] Unmounted /var/lib/kubelet/pods/055...s.io~secret/coredns-token-fsr2f.
[[0;32m  OK  [0m] Unmounted /var/lib/kubelet/pods/31f...es.io~secret/tiller-token-w5498.
[[0;32m  OK  [0m] Unmounted /run/docker/netns/default.
[[0;32m  OK  [0m] Unmounted /var/lib/kubelet/pods/596...~secret/fission-svc-token-ln2jh.
[[0;32m  OK  [0m] Unmounted /var/lib/kubelet/pods/b10...s.io~secret/default-token-h4tvm.
[[0;32m  OK  [0m] Unmounted /var/lib/kubelet/pods/595...~secret/fission-svc-token-ln2jh.
[[0;32m  OK  [0m] Unmounted /var/lib/kubelet/pods/599...s.io~secret/default-token-6sprl.
[[0;32m  OK  [0m] Unmounted /var/lib/kubelet/pods/65a...ret/fission-fetcher-token-m2hr4.
[[0;32m  OK  [0m] Unmounted /var/lib/kubelet/pods/460...ubernetes-dashboard-token-44pgg.
[[0;32m  OK  [0m] Unmounted /var/lib/kubelet/pods/65a...ret/fission-fetcher-token-m2hr4.
[[0;32m  OK  [0m] Unmounted /var/lib/kubelet/pods/460...cret/kubernetes-dashboard-certs.
[[0;32m  OK  [0m] Unmounted /var/lib/kubelet/pods/593...~secret/fission-svc-token-ln2jh.
[[0;32m  OK  [0m] Unmounted /var/lib/kubelet/pods/595...~secret/fission-svc-token-ln2jh.
[[0;32m  OK  [0m] Unmounted /var/lib/kubelet/pods/2f5...io~secret/weave-net-token-stj7c.
[[0;32m  OK  [0m] Unmounted /var/lib/kubelet/pods/598...~secret/fission-svc-token-ln2jh.
[[0;32m  OK  [0m] Unmounted /run/user/1000.
[[0;32m  OK  [0m] Unmounted /var/lib/kubelet/pods/59d...~secret/fission-svc-token-ln2jh.
[[0;32m  OK  [0m] Unmounted /var/lib/kubelet/pods/659...ret/fission-fetcher-token-m2hr4.
[[0;32m  OK  [0m] Unmounted /var/lib/kubelet/pods/a8f...ret/fission-builder-token-745mk.
[[0;32m  OK  [0m] Unmounted /vagrant.
[[0;32m  OK  [0m] Unmounted /var/lib/kubelet/pods/59a...~secret/fission-svc-token-ln2jh.
[[0;32m  OK  [0m] Unmounted /var/lib/kubelet/pods/595...~secret/fission-svc-token-ln2jh.
[[0;32m  OK  [0m] Unmounted /var/lib/kubelet/pods/053...o~secret/kube-proxy-token-85fbs.
[[0;32m  OK  [0m] Unmounted /var/lib/kubelet/pods/054...s.io~secret/coredns-token-fsr2f.
[[0;32m  OK  [0m] Unmounted /var/lib/docker/overlay2/...c7e16aad3d40843a65a21093/merged.
[[0;32m  OK  [0m] Unmounted /var/lib/kubelet/pods/595...s.io~secret/default-token-6sprl.
[[0;32m  OK  [0m] Unmounted /var/lib/kubelet/pods/778...ret/fission-fetcher-token-m2hr4.
[[0;32m  OK  [0m] Unmounted /var/lib/docker/overlay2/...3769709383b57343bd133d50/merged.
[[0;32m  OK  [0m] Unmounted /var/lib/kubelet/pods/594...~secret/fission-svc-token-ln2jh.
[[0;32m  OK  [0m] Unmounted /var/lib/kubelet/pods/65a...ret/fission-fetcher-token-m2hr4.
[[0;32m  OK  [0m] Unmounted /var/lib/kubelet/pods/65a...ret/fission-fetcher-token-m2hr4.
[[0;32m  OK  [0m] Reached target Unmount All Filesystems.
[[0;32m  OK  [0m] Stopped target Local File Systems (Pre).
         Stopping Monitoring of LVM2 mirrors... dmeventd or progress polling...
[[0;32m  OK  [0m] Stopped Remount Root and Kernel File Systems.
[[0;32m  OK  [0m] Stopped Create Static Device Nodes in /dev.
[[0;32m  OK  [0m] Reached target Shutdown.
[ 4452.055430] reboot: Power down
